<?xml version="1.0" encoding="UTF-8"?>
<coverage generated="1407985481">
  <project timestamp="1407985481">
    <package name="Admin">
      <file name="/home/cezar/workspace/php/Blog/module/Admin/Module.php">
        <class name="Module" namespace="Admin">
          <metrics methods="2" coveredmethods="2" conditionals="0" coveredconditionals="0" statements="5" coveredstatements="5" elements="7" coveredelements="7"/>
        </class>
        <line num="6" type="method" name="getConfig" crap="1" count="63"/>
        <line num="8" type="stmt" count="63"/>
        <line num="11" type="method" name="getAutoloaderConfig" crap="1" count="63"/>
        <line num="16" type="stmt" count="63"/>
        <line num="17" type="stmt" count="63"/>
        <line num="18" type="stmt" count="63"/>
        <line num="19" type="stmt" count="63"/>
        <metrics loc="21" ncloc="21" classes="1" methods="2" coveredmethods="2" conditionals="0" coveredconditionals="0" statements="5" coveredstatements="5" elements="7" coveredelements="7"/>
      </file>
    </package>
    <file name="/home/cezar/workspace/php/Blog/module/Admin/config/module.config.php">
      <line num="6" type="stmt" count="63"/>
      <line num="7" type="stmt" count="63"/>
      <line num="8" type="stmt" count="63"/>
      <line num="9" type="stmt" count="63"/>
      <line num="10" type="stmt" count="63"/>
      <line num="11" type="stmt" count="63"/>
      <line num="15" type="stmt" count="63"/>
      <line num="17" type="stmt" count="63"/>
      <line num="19" type="stmt" count="63"/>
      <line num="20" type="stmt" count="63"/>
      <line num="21" type="stmt" count="63"/>
      <line num="23" type="stmt" count="63"/>
      <line num="24" type="stmt" count="63"/>
      <line num="25" type="stmt" count="63"/>
      <line num="28" type="stmt" count="63"/>
      <line num="30" type="stmt" count="63"/>
      <line num="32" type="stmt" count="63"/>
      <line num="33" type="stmt" count="63"/>
      <line num="34" type="stmt" count="63"/>
      <line num="36" type="stmt" count="63"/>
      <line num="37" type="stmt" count="63"/>
      <line num="41" type="stmt" count="63"/>
      <line num="42" type="stmt" count="63"/>
      <line num="43" type="stmt" count="63"/>
      <line num="44" type="stmt" count="63"/>
      <line num="45" type="stmt" count="63"/>
      <line num="46" type="stmt" count="63"/>
      <line num="47" type="stmt" count="63"/>
      <line num="51" type="stmt" count="0"/>
      <line num="52" type="stmt" count="63"/>
      <line num="54" type="stmt" count="8"/>
      <line num="55" type="stmt" count="8"/>
      <line num="56" type="stmt" count="63"/>
      <line num="58" type="stmt" count="63"/>
      <line num="64" type="stmt" count="63"/>
      <line num="65" type="stmt" count="63"/>
      <line num="66" type="stmt" count="63"/>
      <line num="67" type="stmt" count="63"/>
      <metrics loc="67" ncloc="59" classes="0" methods="0" coveredmethods="0" conditionals="0" coveredconditionals="0" statements="38" coveredstatements="37" elements="38" coveredelements="37"/>
    </file>
    <file name="/home/cezar/workspace/php/Blog/module/Admin/data/test.data.php">
      <line num="5" type="stmt" count="63"/>
      <line num="7" type="stmt" count="63"/>
      <line num="12" type="stmt" count="63"/>
      <line num="13" type="stmt" count="63"/>
      <line num="14" type="stmt" count="63"/>
      <line num="16" type="stmt" count="63"/>
      <line num="18" type="stmt" count="63"/>
      <line num="26" type="stmt" count="63"/>
      <line num="27" type="stmt" count="63"/>
      <line num="28" type="stmt" count="63"/>
      <line num="30" type="stmt" count="63"/>
      <line num="32" type="stmt" count="63"/>
      <line num="37" type="stmt" count="63"/>
      <line num="38" type="stmt" count="63"/>
      <line num="39" type="stmt" count="63"/>
      <line num="41" type="stmt" count="63"/>
      <line num="43" type="stmt" count="63"/>
      <line num="52" type="stmt" count="63"/>
      <line num="54" type="stmt" count="63"/>
      <line num="56" type="stmt" count="63"/>
      <line num="58" type="stmt" count="63"/>
      <line num="66" type="stmt" count="63"/>
      <line num="69" type="stmt" count="63"/>
      <line num="74" type="stmt" count="63"/>
      <line num="76" type="stmt" count="63"/>
      <line num="78" type="stmt" count="63"/>
      <metrics loc="78" ncloc="78" classes="0" methods="0" coveredmethods="0" conditionals="0" coveredconditionals="0" statements="26" coveredstatements="26" elements="26" coveredelements="26"/>
    </file>
    <package name="Admin\Controller">
      <file name="/home/cezar/workspace/php/Blog/module/Admin/src/Admin/Controller/AuthController.php">
        <class name="AuthController" namespace="Admin\Controller" fullPackage="Controller" category="Admin" package="Controller">
          <metrics methods="3" coveredmethods="3" conditionals="0" coveredconditionals="0" statements="15" coveredstatements="15" elements="18" coveredelements="18"/>
        </class>
        <line num="18" type="method" name="indexAction" crap="1" count="1"/>
        <line num="19" type="stmt" count="1"/>
        <line num="20" type="stmt" count="1"/>
        <line num="22" type="stmt" count="1"/>
        <line num="25" type="method" name="loginAction" crap="2" count="2"/>
        <line num="26" type="stmt" count="2"/>
        <line num="27" type="stmt" count="2"/>
        <line num="28" type="stmt" count="1"/>
        <line num="31" type="stmt" count="1"/>
        <line num="32" type="stmt" count="1"/>
        <line num="33" type="stmt" count="1"/>
        <line num="34" type="stmt" count="1"/>
        <line num="35" type="stmt" count="1"/>
        <line num="36" type="stmt" count="1"/>
        <line num="39" type="method" name="logoutAction" crap="1" count="1"/>
        <line num="40" type="stmt" count="1"/>
        <line num="41" type="stmt" count="1"/>
        <line num="42" type="stmt" count="1"/>
        <metrics loc="45" ncloc="38" classes="1" methods="3" coveredmethods="3" conditionals="0" coveredconditionals="0" statements="15" coveredstatements="15" elements="18" coveredelements="18"/>
      </file>
      <file name="/home/cezar/workspace/php/Blog/module/Admin/src/Admin/Controller/CategoriesController.php">
        <class name="CategoriesController" namespace="Admin\Controller">
          <metrics methods="3" coveredmethods="3" conditionals="0" coveredconditionals="0" statements="29" coveredstatements="29" elements="32" coveredelements="32"/>
        </class>
        <line num="12" type="method" name="indexAction" crap="1" count="1"/>
        <line num="13" type="stmt" count="1"/>
        <line num="14" type="stmt" count="1"/>
        <line num="15" type="stmt" count="1"/>
        <line num="16" type="stmt" count="1"/>
        <line num="18" type="stmt" count="1"/>
        <line num="21" type="method" name="saveAction" crap="4" count="4"/>
        <line num="22" type="stmt" count="4"/>
        <line num="23" type="stmt" count="4"/>
        <line num="24" type="stmt" count="4"/>
        <line num="25" type="stmt" count="2"/>
        <line num="26" type="stmt" count="2"/>
        <line num="27" type="stmt" count="2"/>
        <line num="28" type="stmt" count="2"/>
        <line num="29" type="stmt" count="1"/>
        <line num="30" type="stmt" count="1"/>
        <line num="31" type="stmt" count="1"/>
        <line num="32" type="stmt" count="1"/>
        <line num="33" type="stmt" count="1"/>
        <line num="35" type="stmt" count="1"/>
        <line num="36" type="stmt" count="3"/>
        <line num="37" type="stmt" count="3"/>
        <line num="38" type="stmt" count="1"/>
        <line num="39" type="stmt" count="1"/>
        <line num="40" type="stmt" count="1"/>
        <line num="41" type="stmt" count="3"/>
        <line num="44" type="method" name="deleteAction" crap="2" count="2"/>
        <line num="45" type="stmt" count="2"/>
        <line num="46" type="stmt" count="2"/>
        <line num="47" type="stmt" count="2"/>
        <line num="48" type="stmt" count="1"/>
        <line num="49" type="stmt" count="1"/>
        <metrics loc="52" ncloc="52" classes="1" methods="3" coveredmethods="3" conditionals="0" coveredconditionals="0" statements="29" coveredstatements="29" elements="32" coveredelements="32"/>
      </file>
      <file name="/home/cezar/workspace/php/Blog/module/Admin/src/Admin/Controller/PostsController.php">
        <class name="PostsController" namespace="Admin\Controller">
          <metrics methods="4" coveredmethods="4" conditionals="0" coveredconditionals="0" statements="52" coveredstatements="52" elements="56" coveredelements="56"/>
        </class>
        <line num="12" type="method" name="indexAction" crap="1" count="1"/>
        <line num="13" type="stmt" count="1"/>
        <line num="14" type="stmt" count="1"/>
        <line num="15" type="stmt" count="1"/>
        <line num="16" type="stmt" count="1"/>
        <line num="17" type="stmt" count="1"/>
        <line num="18" type="stmt" count="1"/>
        <line num="20" type="stmt" count="1"/>
        <line num="23" type="method" name="saveAction" crap="5" count="4"/>
        <line num="24" type="stmt" count="4"/>
        <line num="25" type="stmt" count="4"/>
        <line num="26" type="stmt" count="4"/>
        <line num="27" type="stmt" count="4"/>
        <line num="28" type="stmt" count="2"/>
        <line num="29" type="stmt" count="2"/>
        <line num="30" type="stmt" count="2"/>
        <line num="31" type="stmt" count="2"/>
        <line num="32" type="stmt" count="2"/>
        <line num="33" type="stmt" count="2"/>
        <line num="34" type="stmt" count="2"/>
        <line num="35" type="stmt" count="2"/>
        <line num="36" type="stmt" count="3"/>
        <line num="37" type="stmt" count="1"/>
        <line num="38" type="stmt" count="1"/>
        <line num="39" type="stmt" count="1"/>
        <line num="40" type="stmt" count="1"/>
        <line num="41" type="stmt" count="1"/>
        <line num="42" type="stmt" count="1"/>
        <line num="43" type="stmt" count="1"/>
        <line num="44" type="stmt" count="1"/>
        <line num="45" type="stmt" count="1"/>
        <line num="46" type="stmt" count="1"/>
        <line num="47" type="stmt" count="1"/>
        <line num="48" type="stmt" count="1"/>
        <line num="50" type="stmt" count="1"/>
        <line num="51" type="stmt" count="3"/>
        <line num="52" type="stmt" count="3"/>
        <line num="53" type="stmt" count="1"/>
        <line num="54" type="stmt" count="1"/>
        <line num="55" type="stmt" count="1"/>
        <line num="56" type="stmt" count="3"/>
        <line num="59" type="method" name="deleteAction" crap="2" count="2"/>
        <line num="60" type="stmt" count="2"/>
        <line num="61" type="stmt" count="2"/>
        <line num="62" type="stmt" count="2"/>
        <line num="63" type="stmt" count="1"/>
        <line num="64" type="stmt" count="1"/>
        <line num="65" type="stmt" count="1"/>
        <line num="68" type="method" name="getCategories" crap="2" count="4"/>
        <line num="69" type="stmt" count="4"/>
        <line num="70" type="stmt" count="4"/>
        <line num="71" type="stmt" count="4"/>
        <line num="72" type="stmt" count="4"/>
        <line num="73" type="stmt" count="1"/>
        <line num="74" type="stmt" count="4"/>
        <line num="75" type="stmt" count="4"/>
        <metrics loc="78" ncloc="78" classes="1" methods="4" coveredmethods="4" conditionals="0" coveredconditionals="0" statements="52" coveredstatements="52" elements="56" coveredelements="56"/>
      </file>
      <file name="/home/cezar/workspace/php/Blog/module/Admin/src/Admin/Controller/UsersController.php">
        <class name="UsersController" namespace="Admin\Controller">
          <metrics methods="3" coveredmethods="3" conditionals="0" coveredconditionals="0" statements="31" coveredstatements="31" elements="34" coveredelements="34"/>
        </class>
        <line num="12" type="method" name="indexAction" crap="1" count="1"/>
        <line num="13" type="stmt" count="1"/>
        <line num="14" type="stmt" count="1"/>
        <line num="15" type="stmt" count="1"/>
        <line num="16" type="stmt" count="1"/>
        <line num="18" type="stmt" count="1"/>
        <line num="21" type="method" name="saveAction" crap="4" count="4"/>
        <line num="22" type="stmt" count="4"/>
        <line num="23" type="stmt" count="4"/>
        <line num="24" type="stmt" count="4"/>
        <line num="25" type="stmt" count="2"/>
        <line num="26" type="stmt" count="2"/>
        <line num="27" type="stmt" count="2"/>
        <line num="28" type="stmt" count="2"/>
        <line num="29" type="stmt" count="1"/>
        <line num="30" type="stmt" count="1"/>
        <line num="31" type="stmt" count="1"/>
        <line num="32" type="stmt" count="1"/>
        <line num="33" type="stmt" count="1"/>
        <line num="34" type="stmt" count="1"/>
        <line num="36" type="stmt" count="1"/>
        <line num="37" type="stmt" count="3"/>
        <line num="38" type="stmt" count="3"/>
        <line num="39" type="stmt" count="1"/>
        <line num="40" type="stmt" count="1"/>
        <line num="41" type="stmt" count="1"/>
        <line num="42" type="stmt" count="1"/>
        <line num="43" type="stmt" count="3"/>
        <line num="46" type="method" name="deleteAction" crap="2" count="2"/>
        <line num="47" type="stmt" count="2"/>
        <line num="48" type="stmt" count="2"/>
        <line num="49" type="stmt" count="2"/>
        <line num="50" type="stmt" count="1"/>
        <line num="51" type="stmt" count="1"/>
        <metrics loc="54" ncloc="54" classes="1" methods="3" coveredmethods="3" conditionals="0" coveredconditionals="0" statements="31" coveredstatements="31" elements="34" coveredelements="34"/>
      </file>
    </package>
    <package name="Admin\Form">
      <file name="/home/cezar/workspace/php/Blog/module/Admin/src/Admin/Form/Categorie.php">
        <class name="Categorie" namespace="Admin\Form">
          <metrics methods="1" coveredmethods="1" conditionals="0" coveredconditionals="0" statements="19" coveredstatements="19" elements="20" coveredelements="20"/>
        </class>
        <line num="9" type="method" name="__construct" crap="1" count="4"/>
        <line num="10" type="stmt" count="4"/>
        <line num="11" type="stmt" count="4"/>
        <line num="13" type="stmt" count="4"/>
        <line num="14" type="stmt" count="4"/>
        <line num="15" type="stmt" count="4"/>
        <line num="16" type="stmt" count="4"/>
        <line num="18" type="stmt" count="4"/>
        <line num="19" type="stmt" count="4"/>
        <line num="20" type="stmt" count="4"/>
        <line num="22" type="stmt" count="4"/>
        <line num="23" type="stmt" count="4"/>
        <line num="26" type="stmt" count="4"/>
        <line num="27" type="stmt" count="4"/>
        <line num="29" type="stmt" count="4"/>
        <line num="30" type="stmt" count="4"/>
        <line num="31" type="stmt" count="4"/>
        <line num="34" type="stmt" count="4"/>
        <line num="36" type="stmt" count="4"/>
        <line num="37" type="stmt" count="4"/>
        <metrics loc="39" ncloc="39" classes="1" methods="1" coveredmethods="1" conditionals="0" coveredconditionals="0" statements="19" coveredstatements="19" elements="20" coveredelements="20"/>
      </file>
      <file name="/home/cezar/workspace/php/Blog/module/Admin/src/Admin/Form/Login.php">
        <class name="Login" namespace="Admin\Form">
          <metrics methods="1" coveredmethods="1" conditionals="0" coveredconditionals="0" statements="21" coveredstatements="21" elements="22" coveredelements="22"/>
        </class>
        <line num="9" type="method" name="__construct" crap="1" count="1"/>
        <line num="10" type="stmt" count="1"/>
        <line num="12" type="stmt" count="1"/>
        <line num="13" type="stmt" count="1"/>
        <line num="15" type="stmt" count="1"/>
        <line num="16" type="stmt" count="1"/>
        <line num="17" type="stmt" count="1"/>
        <line num="20" type="stmt" count="1"/>
        <line num="23" type="stmt" count="1"/>
        <line num="25" type="stmt" count="1"/>
        <line num="27" type="stmt" count="1"/>
        <line num="28" type="stmt" count="1"/>
        <line num="29" type="stmt" count="1"/>
        <line num="32" type="stmt" count="1"/>
        <line num="35" type="stmt" count="1"/>
        <line num="37" type="stmt" count="1"/>
        <line num="39" type="stmt" count="1"/>
        <line num="40" type="stmt" count="1"/>
        <line num="41" type="stmt" count="1"/>
        <line num="44" type="stmt" count="1"/>
        <line num="46" type="stmt" count="1"/>
        <line num="47" type="stmt" count="1"/>
        <metrics loc="49" ncloc="49" classes="1" methods="1" coveredmethods="1" conditionals="0" coveredconditionals="0" statements="21" coveredstatements="21" elements="22" coveredelements="22"/>
      </file>
      <file name="/home/cezar/workspace/php/Blog/module/Admin/src/Admin/Form/Post.php">
        <class name="Post" namespace="Admin\Form">
          <metrics methods="1" coveredmethods="1" conditionals="0" coveredconditionals="0" statements="37" coveredstatements="37" elements="38" coveredelements="38"/>
        </class>
        <line num="9" type="method" name="__construct" crap="1" count="4"/>
        <line num="10" type="stmt" count="4"/>
        <line num="11" type="stmt" count="4"/>
        <line num="13" type="stmt" count="4"/>
        <line num="14" type="stmt" count="4"/>
        <line num="15" type="stmt" count="4"/>
        <line num="16" type="stmt" count="4"/>
        <line num="18" type="stmt" count="4"/>
        <line num="19" type="stmt" count="4"/>
        <line num="20" type="stmt" count="4"/>
        <line num="22" type="stmt" count="4"/>
        <line num="23" type="stmt" count="4"/>
        <line num="26" type="stmt" count="4"/>
        <line num="27" type="stmt" count="4"/>
        <line num="29" type="stmt" count="4"/>
        <line num="30" type="stmt" count="4"/>
        <line num="31" type="stmt" count="4"/>
        <line num="33" type="stmt" count="4"/>
        <line num="34" type="stmt" count="4"/>
        <line num="35" type="stmt" count="4"/>
        <line num="37" type="stmt" count="4"/>
        <line num="38" type="stmt" count="4"/>
        <line num="39" type="stmt" count="4"/>
        <line num="40" type="stmt" count="4"/>
        <line num="42" type="stmt" count="4"/>
        <line num="43" type="stmt" count="4"/>
        <line num="44" type="stmt" count="4"/>
        <line num="46" type="stmt" count="4"/>
        <line num="47" type="stmt" count="4"/>
        <line num="48" type="stmt" count="4"/>
        <line num="49" type="stmt" count="4"/>
        <line num="50" type="stmt" count="4"/>
        <line num="52" type="stmt" count="4"/>
        <line num="53" type="stmt" count="4"/>
        <line num="54" type="stmt" count="4"/>
        <line num="57" type="stmt" count="4"/>
        <line num="59" type="stmt" count="4"/>
        <line num="60" type="stmt" count="4"/>
        <metrics loc="62" ncloc="62" classes="1" methods="1" coveredmethods="1" conditionals="0" coveredconditionals="0" statements="37" coveredstatements="37" elements="38" coveredelements="38"/>
      </file>
      <file name="/home/cezar/workspace/php/Blog/module/Admin/src/Admin/Form/User.php">
        <class name="User" namespace="Admin\Form">
          <metrics methods="1" coveredmethods="1" conditionals="0" coveredconditionals="0" statements="34" coveredstatements="34" elements="35" coveredelements="35"/>
        </class>
        <line num="9" type="method" name="__construct" crap="1" count="4"/>
        <line num="10" type="stmt" count="4"/>
        <line num="11" type="stmt" count="4"/>
        <line num="13" type="stmt" count="4"/>
        <line num="14" type="stmt" count="4"/>
        <line num="15" type="stmt" count="4"/>
        <line num="16" type="stmt" count="4"/>
        <line num="18" type="stmt" count="4"/>
        <line num="19" type="stmt" count="4"/>
        <line num="20" type="stmt" count="4"/>
        <line num="22" type="stmt" count="4"/>
        <line num="23" type="stmt" count="4"/>
        <line num="26" type="stmt" count="4"/>
        <line num="27" type="stmt" count="4"/>
        <line num="29" type="stmt" count="4"/>
        <line num="30" type="stmt" count="4"/>
        <line num="31" type="stmt" count="4"/>
        <line num="33" type="stmt" count="4"/>
        <line num="34" type="stmt" count="4"/>
        <line num="37" type="stmt" count="4"/>
        <line num="38" type="stmt" count="4"/>
        <line num="40" type="stmt" count="4"/>
        <line num="41" type="stmt" count="4"/>
        <line num="42" type="stmt" count="4"/>
        <line num="44" type="stmt" count="4"/>
        <line num="45" type="stmt" count="4"/>
        <line num="46" type="stmt" count="4"/>
        <line num="47" type="stmt" count="4"/>
        <line num="48" type="stmt" count="4"/>
        <line num="50" type="stmt" count="4"/>
        <line num="51" type="stmt" count="4"/>
        <line num="52" type="stmt" count="4"/>
        <line num="55" type="stmt" count="4"/>
        <line num="57" type="stmt" count="4"/>
        <line num="58" type="stmt" count="4"/>
        <metrics loc="60" ncloc="60" classes="1" methods="1" coveredmethods="1" conditionals="0" coveredconditionals="0" statements="34" coveredstatements="34" elements="35" coveredelements="35"/>
      </file>
    </package>
    <package name="Admin\Model">
      <file name="/home/cezar/workspace/php/Blog/module/Admin/src/Admin/Model/Categorie.php">
        <class name="Categorie" namespace="Admin\Model" fullPackage="Model" category="Admin" package="Model">
          <metrics methods="1" coveredmethods="1" conditionals="0" coveredconditionals="0" statements="30" coveredstatements="30" elements="31" coveredelements="31"/>
        </class>
        <line num="36" type="method" name="getInputFilter" crap="2" count="16"/>
        <line num="37" type="stmt" count="16"/>
        <line num="38" type="stmt" count="16"/>
        <line num="39" type="stmt" count="16"/>
        <line num="41" type="stmt" count="16"/>
        <line num="42" type="stmt" count="16"/>
        <line num="43" type="stmt" count="16"/>
        <line num="44" type="stmt" count="16"/>
        <line num="46" type="stmt" count="16"/>
        <line num="47" type="stmt" count="16"/>
        <line num="48" type="stmt" count="16"/>
        <line num="49" type="stmt" count="16"/>
        <line num="51" type="stmt" count="16"/>
        <line num="52" type="stmt" count="16"/>
        <line num="53" type="stmt" count="16"/>
        <line num="54" type="stmt" count="16"/>
        <line num="56" type="stmt" count="16"/>
        <line num="57" type="stmt" count="16"/>
        <line num="58" type="stmt" count="16"/>
        <line num="61" type="stmt" count="16"/>
        <line num="63" type="stmt" count="16"/>
        <line num="64" type="stmt" count="16"/>
        <line num="65" type="stmt" count="16"/>
        <line num="66" type="stmt" count="16"/>
        <line num="67" type="stmt" count="16"/>
        <line num="68" type="stmt" count="16"/>
        <line num="69" type="stmt" count="16"/>
        <line num="70" type="stmt" count="16"/>
        <line num="72" type="stmt" count="16"/>
        <line num="73" type="stmt" count="16"/>
        <line num="74" type="stmt" count="16"/>
        <metrics loc="78" ncloc="61" classes="1" methods="1" coveredmethods="1" conditionals="0" coveredconditionals="0" statements="30" coveredstatements="30" elements="31" coveredelements="31"/>
      </file>
      <file name="/home/cezar/workspace/php/Blog/module/Admin/src/Admin/Model/Post.php">
        <class name="Post" namespace="Admin\Model" fullPackage="Model" category="Admin" package="Model">
          <metrics methods="1" coveredmethods="1" conditionals="0" coveredconditionals="0" statements="80" coveredstatements="80" elements="81" coveredelements="81"/>
        </class>
        <line num="56" type="method" name="getInputFilter" crap="2" count="15"/>
        <line num="57" type="stmt" count="15"/>
        <line num="58" type="stmt" count="15"/>
        <line num="59" type="stmt" count="15"/>
        <line num="61" type="stmt" count="15"/>
        <line num="62" type="stmt" count="15"/>
        <line num="63" type="stmt" count="15"/>
        <line num="64" type="stmt" count="15"/>
        <line num="66" type="stmt" count="15"/>
        <line num="67" type="stmt" count="15"/>
        <line num="68" type="stmt" count="15"/>
        <line num="69" type="stmt" count="15"/>
        <line num="71" type="stmt" count="15"/>
        <line num="72" type="stmt" count="15"/>
        <line num="73" type="stmt" count="15"/>
        <line num="74" type="stmt" count="15"/>
        <line num="76" type="stmt" count="15"/>
        <line num="77" type="stmt" count="15"/>
        <line num="78" type="stmt" count="15"/>
        <line num="79" type="stmt" count="15"/>
        <line num="81" type="stmt" count="15"/>
        <line num="82" type="stmt" count="15"/>
        <line num="83" type="stmt" count="15"/>
        <line num="84" type="stmt" count="15"/>
        <line num="86" type="stmt" count="15"/>
        <line num="87" type="stmt" count="15"/>
        <line num="88" type="stmt" count="15"/>
        <line num="91" type="stmt" count="15"/>
        <line num="93" type="stmt" count="15"/>
        <line num="94" type="stmt" count="15"/>
        <line num="95" type="stmt" count="15"/>
        <line num="96" type="stmt" count="15"/>
        <line num="97" type="stmt" count="15"/>
        <line num="98" type="stmt" count="15"/>
        <line num="99" type="stmt" count="15"/>
        <line num="100" type="stmt" count="15"/>
        <line num="102" type="stmt" count="15"/>
        <line num="103" type="stmt" count="15"/>
        <line num="104" type="stmt" count="15"/>
        <line num="105" type="stmt" count="15"/>
        <line num="107" type="stmt" count="15"/>
        <line num="108" type="stmt" count="15"/>
        <line num="109" type="stmt" count="15"/>
        <line num="112" type="stmt" count="15"/>
        <line num="114" type="stmt" count="15"/>
        <line num="115" type="stmt" count="15"/>
        <line num="116" type="stmt" count="15"/>
        <line num="117" type="stmt" count="15"/>
        <line num="118" type="stmt" count="15"/>
        <line num="119" type="stmt" count="15"/>
        <line num="120" type="stmt" count="15"/>
        <line num="121" type="stmt" count="15"/>
        <line num="123" type="stmt" count="15"/>
        <line num="124" type="stmt" count="15"/>
        <line num="125" type="stmt" count="15"/>
        <line num="126" type="stmt" count="15"/>
        <line num="128" type="stmt" count="15"/>
        <line num="129" type="stmt" count="15"/>
        <line num="130" type="stmt" count="15"/>
        <line num="133" type="stmt" count="15"/>
        <line num="135" type="stmt" count="15"/>
        <line num="136" type="stmt" count="15"/>
        <line num="137" type="stmt" count="15"/>
        <line num="138" type="stmt" count="15"/>
        <line num="139" type="stmt" count="15"/>
        <line num="140" type="stmt" count="15"/>
        <line num="141" type="stmt" count="15"/>
        <line num="142" type="stmt" count="15"/>
        <line num="144" type="stmt" count="15"/>
        <line num="145" type="stmt" count="15"/>
        <line num="146" type="stmt" count="15"/>
        <line num="147" type="stmt" count="15"/>
        <line num="150" type="stmt" count="15"/>
        <line num="153" type="stmt" count="15"/>
        <line num="154" type="stmt" count="15"/>
        <line num="155" type="stmt" count="15"/>
        <line num="156" type="stmt" count="15"/>
        <line num="157" type="stmt" count="15"/>
        <line num="160" type="stmt" count="15"/>
        <line num="161" type="stmt" count="15"/>
        <line num="162" type="stmt" count="15"/>
        <metrics loc="166" ncloc="137" classes="1" methods="1" coveredmethods="1" conditionals="0" coveredconditionals="0" statements="80" coveredstatements="80" elements="81" coveredelements="81"/>
      </file>
      <file name="/home/cezar/workspace/php/Blog/module/Admin/src/Admin/Model/PostCategorie.php">
        <class name="PostCategorie" namespace="Admin\Model" fullPackage="Model" category="Admin" package="Model">
          <metrics methods="1" coveredmethods="1" conditionals="0" coveredconditionals="0" statements="22" coveredstatements="22" elements="23" coveredelements="23"/>
        </class>
        <line num="38" type="method" name="getInputFilter" crap="2" count="7"/>
        <line num="39" type="stmt" count="7"/>
        <line num="40" type="stmt" count="7"/>
        <line num="41" type="stmt" count="7"/>
        <line num="43" type="stmt" count="7"/>
        <line num="44" type="stmt" count="7"/>
        <line num="45" type="stmt" count="7"/>
        <line num="46" type="stmt" count="7"/>
        <line num="48" type="stmt" count="7"/>
        <line num="49" type="stmt" count="7"/>
        <line num="50" type="stmt" count="7"/>
        <line num="51" type="stmt" count="7"/>
        <line num="53" type="stmt" count="7"/>
        <line num="54" type="stmt" count="7"/>
        <line num="55" type="stmt" count="7"/>
        <line num="56" type="stmt" count="7"/>
        <line num="58" type="stmt" count="7"/>
        <line num="59" type="stmt" count="7"/>
        <line num="60" type="stmt" count="7"/>
        <line num="61" type="stmt" count="7"/>
        <line num="63" type="stmt" count="7"/>
        <line num="64" type="stmt" count="7"/>
        <line num="65" type="stmt" count="7"/>
        <metrics loc="69" ncloc="52" classes="1" methods="1" coveredmethods="1" conditionals="0" coveredconditionals="0" statements="22" coveredstatements="22" elements="23" coveredelements="23"/>
      </file>
      <file name="/home/cezar/workspace/php/Blog/module/Admin/src/Admin/Model/User.php">
        <class name="User" namespace="Admin\Model" fullPackage="Model" category="Admin" package="Model">
          <metrics methods="1" coveredmethods="1" conditionals="0" coveredconditionals="0" statements="65" coveredstatements="65" elements="66" coveredelements="66"/>
        </class>
        <line num="46" type="method" name="getInputFilter" crap="2" count="28"/>
        <line num="47" type="stmt" count="28"/>
        <line num="48" type="stmt" count="28"/>
        <line num="49" type="stmt" count="28"/>
        <line num="51" type="stmt" count="28"/>
        <line num="52" type="stmt" count="28"/>
        <line num="53" type="stmt" count="28"/>
        <line num="54" type="stmt" count="28"/>
        <line num="56" type="stmt" count="28"/>
        <line num="57" type="stmt" count="28"/>
        <line num="58" type="stmt" count="28"/>
        <line num="59" type="stmt" count="28"/>
        <line num="61" type="stmt" count="28"/>
        <line num="62" type="stmt" count="28"/>
        <line num="63" type="stmt" count="28"/>
        <line num="64" type="stmt" count="28"/>
        <line num="66" type="stmt" count="28"/>
        <line num="67" type="stmt" count="28"/>
        <line num="68" type="stmt" count="28"/>
        <line num="69" type="stmt" count="28"/>
        <line num="70" type="stmt" count="28"/>
        <line num="71" type="stmt" count="28"/>
        <line num="74" type="stmt" count="28"/>
        <line num="76" type="stmt" count="28"/>
        <line num="77" type="stmt" count="28"/>
        <line num="78" type="stmt" count="28"/>
        <line num="79" type="stmt" count="28"/>
        <line num="80" type="stmt" count="28"/>
        <line num="81" type="stmt" count="28"/>
        <line num="82" type="stmt" count="28"/>
        <line num="83" type="stmt" count="28"/>
        <line num="85" type="stmt" count="28"/>
        <line num="86" type="stmt" count="28"/>
        <line num="87" type="stmt" count="28"/>
        <line num="88" type="stmt" count="28"/>
        <line num="90" type="stmt" count="28"/>
        <line num="91" type="stmt" count="28"/>
        <line num="92" type="stmt" count="28"/>
        <line num="95" type="stmt" count="28"/>
        <line num="97" type="stmt" count="28"/>
        <line num="98" type="stmt" count="28"/>
        <line num="99" type="stmt" count="28"/>
        <line num="100" type="stmt" count="28"/>
        <line num="101" type="stmt" count="28"/>
        <line num="102" type="stmt" count="28"/>
        <line num="103" type="stmt" count="28"/>
        <line num="104" type="stmt" count="28"/>
        <line num="106" type="stmt" count="28"/>
        <line num="107" type="stmt" count="28"/>
        <line num="108" type="stmt" count="28"/>
        <line num="109" type="stmt" count="28"/>
        <line num="111" type="stmt" count="28"/>
        <line num="112" type="stmt" count="28"/>
        <line num="113" type="stmt" count="28"/>
        <line num="116" type="stmt" count="28"/>
        <line num="118" type="stmt" count="28"/>
        <line num="119" type="stmt" count="28"/>
        <line num="120" type="stmt" count="28"/>
        <line num="121" type="stmt" count="28"/>
        <line num="122" type="stmt" count="28"/>
        <line num="123" type="stmt" count="28"/>
        <line num="124" type="stmt" count="28"/>
        <line num="125" type="stmt" count="28"/>
        <line num="126" type="stmt" count="28"/>
        <line num="127" type="stmt" count="28"/>
        <line num="128" type="stmt" count="28"/>
        <metrics loc="132" ncloc="109" classes="1" methods="1" coveredmethods="1" conditionals="0" coveredconditionals="0" statements="65" coveredstatements="65" elements="66" coveredelements="66"/>
      </file>
    </package>
    <package name="Admin\Service">
      <file name="/home/cezar/workspace/php/Blog/module/Admin/src/Admin/Service/Auth.php">
        <class name="Auth" namespace="Admin\Service" fullPackage="Service" category="Admin" package="Service">
          <metrics methods="3" coveredmethods="3" conditionals="0" coveredconditionals="0" statements="25" coveredstatements="25" elements="28" coveredelements="28"/>
        </class>
        <line num="21" type="method" name="__construct" crap="1" count="8"/>
        <line num="22" type="stmt" count="8"/>
        <line num="23" type="stmt" count="8"/>
        <line num="24" type="stmt" count="8"/>
        <line num="25" type="stmt" count="8"/>
        <line num="33" type="method" name="authenticate" crap="6" count="6"/>
        <line num="34" type="stmt" count="6"/>
        <line num="35" type="stmt" count="1"/>
        <line num="37" type="stmt" count="5"/>
        <line num="38" type="stmt" count="5"/>
        <line num="39" type="stmt" count="5"/>
        <line num="41" type="stmt" count="5"/>
        <line num="42" type="stmt" count="5"/>
        <line num="43" type="stmt" count="5"/>
        <line num="44" type="stmt" count="5"/>
        <line num="45" type="stmt" count="5"/>
        <line num="46" type="stmt" count="5"/>
        <line num="47" type="stmt" count="5"/>
        <line num="48" type="stmt" count="2"/>
        <line num="50" type="stmt" count="3"/>
        <line num="51" type="stmt" count="3"/>
        <line num="52" type="stmt" count="3"/>
        <line num="60" type="method" name="logout" crap="1" count="2"/>
        <line num="61" type="stmt" count="2"/>
        <line num="62" type="stmt" count="2"/>
        <line num="63" type="stmt" count="2"/>
        <line num="64" type="stmt" count="2"/>
        <line num="65" type="stmt" count="2"/>
        <metrics loc="68" ncloc="49" classes="1" methods="3" coveredmethods="3" conditionals="0" coveredconditionals="0" statements="25" coveredstatements="25" elements="28" coveredelements="28"/>
      </file>
    </package>
    <metrics files="16" loc="1118" ncloc="998" classes="14" methods="26" coveredmethods="26" conditionals="0" coveredconditionals="0" statements="529" coveredstatements="528" elements="555" coveredelements="554"/>
  </project>
</coverage>
