<?xml version="1.0" encoding="UTF-8"?>
<coverage generated="1407985213">
  <project timestamp="1407985213">
    <package name="Main">
      <file name="/home/cezar/workspace/php/Blog/module/Main/Module.php">
        <class name="Module" namespace="Main">
          <metrics methods="2" coveredmethods="2" conditionals="0" coveredconditionals="0" statements="5" coveredstatements="5" elements="7" coveredelements="7"/>
        </class>
        <line num="6" type="method" name="getConfig" crap="1" count="5"/>
        <line num="8" type="stmt" count="5"/>
        <line num="11" type="method" name="getAutoloaderConfig" crap="1" count="5"/>
        <line num="16" type="stmt" count="5"/>
        <line num="17" type="stmt" count="5"/>
        <line num="18" type="stmt" count="5"/>
        <line num="19" type="stmt" count="5"/>
        <metrics loc="21" ncloc="21" classes="1" methods="2" coveredmethods="2" conditionals="0" coveredconditionals="0" statements="5" coveredstatements="5" elements="7" coveredelements="7"/>
      </file>
    </package>
    <file name="/home/cezar/workspace/php/Blog/module/Main/config/module.config.php">
      <line num="6" type="stmt" count="5"/>
      <line num="7" type="stmt" count="5"/>
      <line num="8" type="stmt" count="5"/>
      <line num="9" type="stmt" count="5"/>
      <line num="14" type="stmt" count="5"/>
      <line num="16" type="stmt" count="5"/>
      <line num="18" type="stmt" count="5"/>
      <line num="19" type="stmt" count="5"/>
      <line num="20" type="stmt" count="5"/>
      <line num="22" type="stmt" count="5"/>
      <line num="23" type="stmt" count="5"/>
      <line num="24" type="stmt" count="5"/>
      <line num="27" type="stmt" count="5"/>
      <line num="29" type="stmt" count="5"/>
      <line num="31" type="stmt" count="5"/>
      <line num="32" type="stmt" count="5"/>
      <line num="33" type="stmt" count="5"/>
      <line num="35" type="stmt" count="5"/>
      <line num="36" type="stmt" count="5"/>
      <line num="40" type="stmt" count="5"/>
      <line num="41" type="stmt" count="5"/>
      <line num="42" type="stmt" count="5"/>
      <line num="43" type="stmt" count="5"/>
      <line num="44" type="stmt" count="5"/>
      <line num="45" type="stmt" count="5"/>
      <line num="46" type="stmt" count="5"/>
      <line num="50" type="stmt" count="4"/>
      <line num="51" type="stmt" count="5"/>
      <line num="53" type="stmt" count="5"/>
      <line num="56" type="stmt" count="5"/>
      <line num="57" type="stmt" count="5"/>
      <line num="58" type="stmt" count="5"/>
      <line num="59" type="stmt" count="5"/>
      <metrics loc="59" ncloc="57" classes="0" methods="0" coveredmethods="0" conditionals="0" coveredconditionals="0" statements="33" coveredstatements="33" elements="33" coveredelements="33"/>
    </file>
    <file name="/home/cezar/workspace/php/Blog/module/Main/data/test.data.php">
      <line num="5" type="stmt" count="5"/>
      <line num="7" type="stmt" count="5"/>
      <line num="12" type="stmt" count="5"/>
      <line num="13" type="stmt" count="5"/>
      <line num="14" type="stmt" count="5"/>
      <line num="16" type="stmt" count="5"/>
      <line num="18" type="stmt" count="5"/>
      <line num="26" type="stmt" count="5"/>
      <line num="27" type="stmt" count="5"/>
      <line num="28" type="stmt" count="5"/>
      <line num="30" type="stmt" count="5"/>
      <line num="32" type="stmt" count="5"/>
      <line num="37" type="stmt" count="5"/>
      <line num="38" type="stmt" count="5"/>
      <line num="39" type="stmt" count="5"/>
      <line num="41" type="stmt" count="5"/>
      <line num="43" type="stmt" count="5"/>
      <line num="52" type="stmt" count="5"/>
      <line num="54" type="stmt" count="5"/>
      <line num="56" type="stmt" count="5"/>
      <line num="58" type="stmt" count="5"/>
      <line num="66" type="stmt" count="5"/>
      <line num="69" type="stmt" count="5"/>
      <line num="74" type="stmt" count="5"/>
      <line num="76" type="stmt" count="5"/>
      <line num="78" type="stmt" count="5"/>
      <metrics loc="78" ncloc="78" classes="0" methods="0" coveredmethods="0" conditionals="0" coveredconditionals="0" statements="26" coveredstatements="26" elements="26" coveredelements="26"/>
    </file>
    <package name="Main\Controller">
      <file name="/home/cezar/workspace/php/Blog/module/Main/src/Main/Controller/IndexController.php">
        <class name="IndexController" namespace="Main\Controller">
          <metrics methods="2" coveredmethods="2" conditionals="0" coveredconditionals="0" statements="14" coveredstatements="14" elements="16" coveredelements="16"/>
        </class>
        <line num="14" type="method" name="indexAction" crap="1" count="2"/>
        <line num="15" type="stmt" count="2"/>
        <line num="16" type="stmt" count="2"/>
        <line num="17" type="stmt" count="2"/>
        <line num="18" type="stmt" count="2"/>
        <line num="19" type="stmt" count="2"/>
        <line num="20" type="stmt" count="2"/>
        <line num="21" type="stmt" count="2"/>
        <line num="23" type="stmt" count="2"/>
        <line num="26" type="method" name="moreAction" crap="2" count="2"/>
        <line num="27" type="stmt" count="2"/>
        <line num="28" type="stmt" count="2"/>
        <line num="29" type="stmt" count="1"/>
        <line num="30" type="stmt" count="1"/>
        <line num="32" type="stmt" count="1"/>
        <line num="34" type="stmt" count="1"/>
        <metrics loc="37" ncloc="37" classes="1" methods="2" coveredmethods="2" conditionals="0" coveredconditionals="0" statements="14" coveredstatements="14" elements="16" coveredelements="16"/>
      </file>
    </package>
    <metrics files="4" loc="195" ncloc="193" classes="2" methods="4" coveredmethods="4" conditionals="0" coveredconditionals="0" statements="78" coveredstatements="78" elements="82" coveredelements="82"/>
  </project>
</coverage>
