<?xml version="1.0" encoding="UTF-8"?>
<coverage generated="1408111056">
  <project timestamp="1408111056">
    <package name="Main">
      <file name="/home/cezar/workspace/php/Blog/module/Main/Module.php">
        <class name="Module" namespace="Main">
          <metrics methods="2" coveredmethods="2" conditionals="0" coveredconditionals="0" statements="5" coveredstatements="5" elements="7" coveredelements="7"/>
        </class>
        <line num="6" type="method" name="getConfig" crap="1" count="18"/>
        <line num="8" type="stmt" count="18"/>
        <line num="11" type="method" name="getAutoloaderConfig" crap="1" count="18"/>
        <line num="16" type="stmt" count="18"/>
        <line num="17" type="stmt" count="18"/>
        <line num="18" type="stmt" count="18"/>
        <line num="19" type="stmt" count="18"/>
        <metrics loc="21" ncloc="21" classes="1" methods="2" coveredmethods="2" conditionals="0" coveredconditionals="0" statements="5" coveredstatements="5" elements="7" coveredelements="7"/>
      </file>
    </package>
    <file name="/home/cezar/workspace/php/Blog/module/Main/config/module.config.php">
      <line num="6" type="stmt" count="18"/>
      <line num="7" type="stmt" count="18"/>
      <line num="8" type="stmt" count="18"/>
      <line num="9" type="stmt" count="18"/>
      <line num="14" type="stmt" count="18"/>
      <line num="16" type="stmt" count="18"/>
      <line num="18" type="stmt" count="18"/>
      <line num="19" type="stmt" count="18"/>
      <line num="20" type="stmt" count="18"/>
      <line num="21" type="stmt" count="18"/>
      <line num="22" type="stmt" count="18"/>
      <line num="24" type="stmt" count="18"/>
      <line num="26" type="stmt" count="18"/>
      <line num="28" type="stmt" count="18"/>
      <line num="29" type="stmt" count="18"/>
      <line num="30" type="stmt" count="18"/>
      <line num="32" type="stmt" count="18"/>
      <line num="33" type="stmt" count="18"/>
      <line num="34" type="stmt" count="18"/>
      <line num="37" type="stmt" count="18"/>
      <line num="39" type="stmt" count="18"/>
      <line num="41" type="stmt" count="18"/>
      <line num="42" type="stmt" count="18"/>
      <line num="43" type="stmt" count="18"/>
      <line num="45" type="stmt" count="18"/>
      <line num="46" type="stmt" count="18"/>
      <line num="50" type="stmt" count="18"/>
      <line num="51" type="stmt" count="18"/>
      <line num="52" type="stmt" count="18"/>
      <line num="53" type="stmt" count="18"/>
      <line num="54" type="stmt" count="18"/>
      <line num="55" type="stmt" count="18"/>
      <line num="56" type="stmt" count="18"/>
      <line num="60" type="stmt" count="8"/>
      <line num="61" type="stmt" count="18"/>
      <line num="63" type="stmt" count="18"/>
      <line num="65" type="stmt" count="18"/>
      <line num="66" type="stmt" count="18"/>
      <line num="67" type="stmt" count="18"/>
      <line num="68" type="stmt" count="18"/>
      <line num="69" type="stmt" count="18"/>
      <line num="71" type="stmt" count="18"/>
      <line num="72" type="stmt" count="18"/>
      <line num="73" type="stmt" count="18"/>
      <line num="74" type="stmt" count="18"/>
      <line num="75" type="stmt" count="18"/>
      <line num="77" type="stmt" count="18"/>
      <line num="78" type="stmt" count="18"/>
      <line num="79" type="stmt" count="18"/>
      <line num="80" type="stmt" count="18"/>
      <metrics loc="80" ncloc="78" classes="0" methods="0" coveredmethods="0" conditionals="0" coveredconditionals="0" statements="50" coveredstatements="50" elements="50" coveredelements="50"/>
    </file>
    <file name="/home/cezar/workspace/php/Blog/module/Main/data/test.data.php">
      <line num="5" type="stmt" count="18"/>
      <line num="7" type="stmt" count="18"/>
      <line num="15" type="stmt" count="18"/>
      <line num="16" type="stmt" count="18"/>
      <line num="17" type="stmt" count="18"/>
      <line num="19" type="stmt" count="18"/>
      <line num="21" type="stmt" count="18"/>
      <line num="26" type="stmt" count="18"/>
      <line num="27" type="stmt" count="18"/>
      <line num="28" type="stmt" count="18"/>
      <line num="30" type="stmt" count="18"/>
      <line num="32" type="stmt" count="18"/>
      <line num="41" type="stmt" count="18"/>
      <line num="43" type="stmt" count="18"/>
      <line num="45" type="stmt" count="18"/>
      <line num="47" type="stmt" count="18"/>
      <line num="55" type="stmt" count="18"/>
      <line num="58" type="stmt" count="18"/>
      <line num="63" type="stmt" count="18"/>
      <line num="65" type="stmt" count="18"/>
      <line num="67" type="stmt" count="18"/>
      <metrics loc="67" ncloc="67" classes="0" methods="0" coveredmethods="0" conditionals="0" coveredconditionals="0" statements="21" coveredstatements="21" elements="21" coveredelements="21"/>
    </file>
    <package name="Main\Controller">
      <file name="/home/cezar/workspace/php/Blog/module/Main/src/Main/Controller/CommentsController.php">
        <class name="CommentsController" namespace="Main\Controller">
          <metrics methods="1" coveredmethods="1" conditionals="0" coveredconditionals="0" statements="27" coveredstatements="27" elements="28" coveredelements="28"/>
        </class>
        <line num="12" type="method" name="indexAction" crap="4" count="5"/>
        <line num="13" type="stmt" count="5"/>
        <line num="14" type="stmt" count="5"/>
        <line num="15" type="stmt" count="5"/>
        <line num="16" type="stmt" count="4"/>
        <line num="17" type="stmt" count="4"/>
        <line num="18" type="stmt" count="4"/>
        <line num="19" type="stmt" count="2"/>
        <line num="20" type="stmt" count="2"/>
        <line num="21" type="stmt" count="2"/>
        <line num="22" type="stmt" count="2"/>
        <line num="23" type="stmt" count="2"/>
        <line num="24" type="stmt" count="2"/>
        <line num="25" type="stmt" count="1"/>
        <line num="26" type="stmt" count="1"/>
        <line num="27" type="stmt" count="1"/>
        <line num="28" type="stmt" count="1"/>
        <line num="29" type="stmt" count="1"/>
        <line num="31" type="stmt" count="1"/>
        <line num="33" type="stmt" count="3"/>
        <line num="34" type="stmt" count="3"/>
        <line num="35" type="stmt" count="3"/>
        <line num="36" type="stmt" count="3"/>
        <line num="37" type="stmt" count="3"/>
        <line num="38" type="stmt" count="3"/>
        <line num="39" type="stmt" count="3"/>
        <line num="40" type="stmt" count="3"/>
        <line num="41" type="stmt" count="3"/>
        <metrics loc="44" ncloc="44" classes="1" methods="1" coveredmethods="1" conditionals="0" coveredconditionals="0" statements="27" coveredstatements="27" elements="28" coveredelements="28"/>
      </file>
      <file name="/home/cezar/workspace/php/Blog/module/Main/src/Main/Controller/IndexController.php">
        <class name="IndexController" namespace="Main\Controller">
          <metrics methods="2" coveredmethods="2" conditionals="0" coveredconditionals="0" statements="19" coveredstatements="19" elements="21" coveredelements="21"/>
        </class>
        <line num="14" type="method" name="indexAction" crap="1" count="2"/>
        <line num="15" type="stmt" count="2"/>
        <line num="16" type="stmt" count="2"/>
        <line num="17" type="stmt" count="2"/>
        <line num="18" type="stmt" count="2"/>
        <line num="19" type="stmt" count="2"/>
        <line num="20" type="stmt" count="2"/>
        <line num="21" type="stmt" count="2"/>
        <line num="22" type="stmt" count="2"/>
        <line num="23" type="stmt" count="2"/>
        <line num="24" type="stmt" count="2"/>
        <line num="25" type="stmt" count="2"/>
        <line num="26" type="stmt" count="2"/>
        <line num="28" type="stmt" count="2"/>
        <line num="31" type="method" name="moreAction" crap="2" count="2"/>
        <line num="32" type="stmt" count="2"/>
        <line num="33" type="stmt" count="2"/>
        <line num="34" type="stmt" count="1"/>
        <line num="35" type="stmt" count="1"/>
        <line num="37" type="stmt" count="1"/>
        <line num="39" type="stmt" count="1"/>
        <metrics loc="42" ncloc="42" classes="1" methods="2" coveredmethods="2" conditionals="0" coveredconditionals="0" statements="19" coveredstatements="19" elements="21" coveredelements="21"/>
      </file>
    </package>
    <package name="Main\Form">
      <file name="/home/cezar/workspace/php/Blog/module/Main/src/Main/Form/Comment.php">
        <class name="Comment" namespace="Main\Form">
          <metrics methods="1" coveredmethods="1" conditionals="0" coveredconditionals="0" statements="27" coveredstatements="27" elements="28" coveredelements="28"/>
        </class>
        <line num="9" type="method" name="__construct" crap="1" count="4"/>
        <line num="10" type="stmt" count="4"/>
        <line num="11" type="stmt" count="4"/>
        <line num="12" type="stmt" count="4"/>
        <line num="13" type="stmt" count="4"/>
        <line num="15" type="stmt" count="4"/>
        <line num="16" type="stmt" count="4"/>
        <line num="17" type="stmt" count="4"/>
        <line num="18" type="stmt" count="4"/>
        <line num="20" type="stmt" count="4"/>
        <line num="21" type="stmt" count="4"/>
        <line num="22" type="stmt" count="4"/>
        <line num="24" type="stmt" count="4"/>
        <line num="25" type="stmt" count="4"/>
        <line num="26" type="stmt" count="4"/>
        <line num="28" type="stmt" count="4"/>
        <line num="29" type="stmt" count="4"/>
        <line num="30" type="stmt" count="4"/>
        <line num="32" type="stmt" count="4"/>
        <line num="33" type="stmt" count="4"/>
        <line num="35" type="stmt" count="4"/>
        <line num="37" type="stmt" count="4"/>
        <line num="39" type="stmt" count="4"/>
        <line num="40" type="stmt" count="4"/>
        <line num="41" type="stmt" count="4"/>
        <line num="44" type="stmt" count="4"/>
        <line num="46" type="stmt" count="4"/>
        <line num="47" type="stmt" count="4"/>
        <metrics loc="49" ncloc="49" classes="1" methods="1" coveredmethods="1" conditionals="0" coveredconditionals="0" statements="27" coveredstatements="27" elements="28" coveredelements="28"/>
      </file>
    </package>
    <package name="Main\Model">
      <file name="/home/cezar/workspace/php/Blog/module/Main/src/Main/Model/Comment.php">
        <class name="Comment" namespace="Main\Model" fullPackage="Model" category="Main" package="Model">
          <metrics methods="1" coveredmethods="1" conditionals="0" coveredconditionals="0" statements="60" coveredstatements="60" elements="61" coveredelements="61"/>
        </class>
        <line num="52" type="method" name="getInputFilter" crap="2" count="9"/>
        <line num="53" type="stmt" count="9"/>
        <line num="54" type="stmt" count="9"/>
        <line num="55" type="stmt" count="9"/>
        <line num="57" type="stmt" count="9"/>
        <line num="58" type="stmt" count="9"/>
        <line num="59" type="stmt" count="9"/>
        <line num="60" type="stmt" count="9"/>
        <line num="62" type="stmt" count="9"/>
        <line num="63" type="stmt" count="9"/>
        <line num="64" type="stmt" count="9"/>
        <line num="65" type="stmt" count="9"/>
        <line num="67" type="stmt" count="9"/>
        <line num="68" type="stmt" count="9"/>
        <line num="69" type="stmt" count="9"/>
        <line num="70" type="stmt" count="9"/>
        <line num="72" type="stmt" count="9"/>
        <line num="73" type="stmt" count="9"/>
        <line num="74" type="stmt" count="9"/>
        <line num="75" type="stmt" count="9"/>
        <line num="77" type="stmt" count="9"/>
        <line num="78" type="stmt" count="9"/>
        <line num="79" type="stmt" count="9"/>
        <line num="80" type="stmt" count="9"/>
        <line num="82" type="stmt" count="9"/>
        <line num="83" type="stmt" count="9"/>
        <line num="84" type="stmt" count="9"/>
        <line num="87" type="stmt" count="9"/>
        <line num="89" type="stmt" count="9"/>
        <line num="90" type="stmt" count="9"/>
        <line num="91" type="stmt" count="9"/>
        <line num="92" type="stmt" count="9"/>
        <line num="93" type="stmt" count="9"/>
        <line num="94" type="stmt" count="9"/>
        <line num="95" type="stmt" count="9"/>
        <line num="96" type="stmt" count="9"/>
        <line num="98" type="stmt" count="9"/>
        <line num="99" type="stmt" count="9"/>
        <line num="100" type="stmt" count="9"/>
        <line num="101" type="stmt" count="9"/>
        <line num="103" type="stmt" count="9"/>
        <line num="104" type="stmt" count="9"/>
        <line num="105" type="stmt" count="9"/>
        <line num="108" type="stmt" count="9"/>
        <line num="109" type="stmt" count="9"/>
        <line num="110" type="stmt" count="9"/>
        <line num="111" type="stmt" count="9"/>
        <line num="112" type="stmt" count="9"/>
        <line num="114" type="stmt" count="9"/>
        <line num="115" type="stmt" count="9"/>
        <line num="116" type="stmt" count="9"/>
        <line num="117" type="stmt" count="9"/>
        <line num="120" type="stmt" count="9"/>
        <line num="123" type="stmt" count="9"/>
        <line num="124" type="stmt" count="9"/>
        <line num="125" type="stmt" count="9"/>
        <line num="126" type="stmt" count="9"/>
        <line num="127" type="stmt" count="9"/>
        <line num="129" type="stmt" count="9"/>
        <line num="130" type="stmt" count="9"/>
        <line num="131" type="stmt" count="9"/>
        <metrics loc="135" ncloc="109" classes="1" methods="1" coveredmethods="1" conditionals="0" coveredconditionals="0" statements="60" coveredstatements="60" elements="61" coveredelements="61"/>
      </file>
    </package>
    <metrics files="7" loc="438" ncloc="410" classes="5" methods="7" coveredmethods="7" conditionals="0" coveredconditionals="0" statements="209" coveredstatements="209" elements="216" coveredelements="216"/>
  </project>
</coverage>
